[25-Jul-2025 02:17:55 UTC] PHP Warning:  include(functions.php): Failed to open stream: No such file or directory in /var/www/cgb.gdlogistica.com/public_html/includes/config.php on line 21
[25-Jul-2025 02:17:55 UTC] PHP Warning:  include(): Failed opening 'functions.php' for inclusion (include_path='.:/usr/share/php') in /var/www/cgb.gdlogistica.com/public_html/includes/config.php on line 21
[25-Jul-2025 02:17:55 UTC] PHP Warning:  include(includes/footer.php): Failed to open stream: No such file or directory in /var/www/cgb.gdlogistica.com/public_html/index.php on line 101
[25-Jul-2025 02:17:55 UTC] PHP Warning:  include(): Failed opening 'includes/footer.php' for inclusion (include_path='.:/usr/share/php') in /var/www/cgb.gdlogistica.com/public_html/index.php on line 101
[25-Jul-2025 02:20:19 UTC] PHP Warning:  include(functions.php): Failed to open stream: No such file or directory in /var/www/cgb.gdlogistica.com/public_html/includes/config.php on line 21
[25-Jul-2025 02:20:19 UTC] PHP Warning:  include(): Failed opening 'functions.php' for inclusion (include_path='.:/usr/share/php') in /var/www/cgb.gdlogistica.com/public_html/includes/config.php on line 21
[25-Jul-2025 02:20:19 UTC] PHP Warning:  include(includes/footer.php): Failed to open stream: No such file or directory in /var/www/cgb.gdlogistica.com/public_html/index.php on line 101
[25-Jul-2025 02:20:19 UTC] PHP Warning:  include(): Failed opening 'includes/footer.php' for inclusion (include_path='.:/usr/share/php') in /var/www/cgb.gdlogistica.com/public_html/index.php on line 101
[25-Jul-2025 02:56:51 UTC] PHP Warning:  include(functions.php): Failed to open stream: No such file or directory in /var/www/cgb.gdlogistica.com/public_html/includes/config.php on line 21
[25-Jul-2025 02:56:51 UTC] PHP Warning:  include(): Failed opening 'functions.php' for inclusion (include_path='.:/usr/share/php') in /var/www/cgb.gdlogistica.com/public_html/includes/config.php on line 21
[25-Jul-2025 02:56:51 UTC] PHP Warning:  include(includes/footer.php): Failed to open stream: No such file or directory in /var/www/cgb.gdlogistica.com/public_html/index.php on line 101
[25-Jul-2025 02:56:51 UTC] PHP Warning:  include(): Failed opening 'includes/footer.php' for inclusion (include_path='.:/usr/share/php') in /var/www/cgb.gdlogistica.com/public_html/index.php on line 101
[25-Jul-2025 02:56:51 UTC] PHP Warning:  include(functions.php): Failed to open stream: No such file or directory in /var/www/cgb.gdlogistica.com/public_html/includes/config.php on line 21
[25-Jul-2025 02:56:51 UTC] PHP Warning:  include(): Failed opening 'functions.php' for inclusion (include_path='.:/usr/share/php') in /var/www/cgb.gdlogistica.com/public_html/includes/config.php on line 21
[25-Jul-2025 02:56:51 UTC] PHP Warning:  include(includes/footer.php): Failed to open stream: No such file or directory in /var/www/cgb.gdlogistica.com/public_html/index.php on line 101
[25-Jul-2025 02:56:51 UTC] PHP Warning:  include(): Failed opening 'includes/footer.php' for inclusion (include_path='.:/usr/share/php') in /var/www/cgb.gdlogistica.com/public_html/index.php on line 101
[25-Jul-2025 02:56:52 UTC] PHP Warning:  include(functions.php): Failed to open stream: No such file or directory in /var/www/cgb.gdlogistica.com/public_html/includes/config.php on line 21
[25-Jul-2025 02:56:52 UTC] PHP Warning:  include(): Failed opening 'functions.php' for inclusion (include_path='.:/usr/share/php') in /var/www/cgb.gdlogistica.com/public_html/includes/config.php on line 21
[25-Jul-2025 02:56:52 UTC] PHP Warning:  include(includes/footer.php): Failed to open stream: No such file or directory in /var/www/cgb.gdlogistica.com/public_html/index.php on line 101
[25-Jul-2025 02:56:52 UTC] PHP Warning:  include(): Failed opening 'includes/footer.php' for inclusion (include_path='.:/usr/share/php') in /var/www/cgb.gdlogistica.com/public_html/index.php on line 101
[25-Jul-2025 02:56:52 UTC] PHP Warning:  include(functions.php): Failed to open stream: No such file or directory in /var/www/cgb.gdlogistica.com/public_html/includes/config.php on line 21
[25-Jul-2025 02:56:52 UTC] PHP Warning:  include(): Failed opening 'functions.php' for inclusion (include_path='.:/usr/share/php') in /var/www/cgb.gdlogistica.com/public_html/includes/config.php on line 21
[25-Jul-2025 02:56:52 UTC] PHP Warning:  include(includes/footer.php): Failed to open stream: No such file or directory in /var/www/cgb.gdlogistica.com/public_html/index.php on line 101
[25-Jul-2025 02:56:52 UTC] PHP Warning:  include(): Failed opening 'includes/footer.php' for inclusion (include_path='.:/usr/share/php') in /var/www/cgb.gdlogistica.com/public_html/index.php on line 101
[25-Jul-2025 02:56:52 UTC] PHP Warning:  include(functions.php): Failed to open stream: No such file or directory in /var/www/cgb.gdlogistica.com/public_html/includes/config.php on line 21
[25-Jul-2025 02:56:52 UTC] PHP Warning:  include(): Failed opening 'functions.php' for inclusion (include_path='.:/usr/share/php') in /var/www/cgb.gdlogistica.com/public_html/includes/config.php on line 21
[25-Jul-2025 02:56:52 UTC] PHP Warning:  include(includes/footer.php): Failed to open stream: No such file or directory in /var/www/cgb.gdlogistica.com/public_html/index.php on line 101
[25-Jul-2025 02:56:52 UTC] PHP Warning:  include(): Failed opening 'includes/footer.php' for inclusion (include_path='.:/usr/share/php') in /var/www/cgb.gdlogistica.com/public_html/index.php on line 101
[25-Jul-2025 02:56:52 UTC] PHP Warning:  include(functions.php): Failed to open stream: No such file or directory in /var/www/cgb.gdlogistica.com/public_html/includes/config.php on line 21
[25-Jul-2025 02:56:52 UTC] PHP Warning:  include(): Failed opening 'functions.php' for inclusion (include_path='.:/usr/share/php') in /var/www/cgb.gdlogistica.com/public_html/includes/config.php on line 21
[25-Jul-2025 02:56:52 UTC] PHP Warning:  include(includes/footer.php): Failed to open stream: No such file or directory in /var/www/cgb.gdlogistica.com/public_html/index.php on line 101
[25-Jul-2025 02:56:52 UTC] PHP Warning:  include(): Failed opening 'includes/footer.php' for inclusion (include_path='.:/usr/share/php') in /var/www/cgb.gdlogistica.com/public_html/index.php on line 101
[25-Jul-2025 02:56:52 UTC] PHP Warning:  include(functions.php): Failed to open stream: No such file or directory in /var/www/cgb.gdlogistica.com/public_html/includes/config.php on line 21
[25-Jul-2025 02:56:52 UTC] PHP Warning:  include(): Failed opening 'functions.php' for inclusion (include_path='.:/usr/share/php') in /var/www/cgb.gdlogistica.com/public_html/includes/config.php on line 21
[25-Jul-2025 02:56:52 UTC] PHP Warning:  include(includes/footer.php): Failed to open stream: No such file or directory in /var/www/cgb.gdlogistica.com/public_html/index.php on line 101
[25-Jul-2025 02:56:52 UTC] PHP Warning:  include(): Failed opening 'includes/footer.php' for inclusion (include_path='.:/usr/share/php') in /var/www/cgb.gdlogistica.com/public_html/index.php on line 101
[25-Jul-2025 02:56:52 UTC] PHP Warning:  include(functions.php): Failed to open stream: No such file or directory in /var/www/cgb.gdlogistica.com/public_html/includes/config.php on line 21
[25-Jul-2025 02:56:52 UTC] PHP Warning:  include(): Failed opening 'functions.php' for inclusion (include_path='.:/usr/share/php') in /var/www/cgb.gdlogistica.com/public_html/includes/config.php on line 21
[25-Jul-2025 02:56:52 UTC] PHP Warning:  include(includes/footer.php): Failed to open stream: No such file or directory in /var/www/cgb.gdlogistica.com/public_html/index.php on line 101
[25-Jul-2025 02:56:52 UTC] PHP Warning:  include(): Failed opening 'includes/footer.php' for inclusion (include_path='.:/usr/share/php') in /var/www/cgb.gdlogistica.com/public_html/index.php on line 101
[25-Jul-2025 02:56:53 UTC] PHP Warning:  include(functions.php): Failed to open stream: No such file or directory in /var/www/cgb.gdlogistica.com/public_html/includes/config.php on line 21
[25-Jul-2025 02:56:53 UTC] PHP Warning:  include(): Failed opening 'functions.php' for inclusion (include_path='.:/usr/share/php') in /var/www/cgb.gdlogistica.com/public_html/includes/config.php on line 21
[25-Jul-2025 02:56:53 UTC] PHP Warning:  include(includes/footer.php): Failed to open stream: No such file or directory in /var/www/cgb.gdlogistica.com/public_html/index.php on line 101
[25-Jul-2025 02:56:53 UTC] PHP Warning:  include(): Failed opening 'includes/footer.php' for inclusion (include_path='.:/usr/share/php') in /var/www/cgb.gdlogistica.com/public_html/index.php on line 101
[25-Jul-2025 02:56:53 UTC] PHP Warning:  include(functions.php): Failed to open stream: No such file or directory in /var/www/cgb.gdlogistica.com/public_html/includes/config.php on line 21
[25-Jul-2025 02:56:53 UTC] PHP Warning:  include(): Failed opening 'functions.php' for inclusion (include_path='.:/usr/share/php') in /var/www/cgb.gdlogistica.com/public_html/includes/config.php on line 21
[25-Jul-2025 02:56:53 UTC] PHP Warning:  include(includes/footer.php): Failed to open stream: No such file or directory in /var/www/cgb.gdlogistica.com/public_html/index.php on line 101
[25-Jul-2025 02:56:53 UTC] PHP Warning:  include(): Failed opening 'includes/footer.php' for inclusion (include_path='.:/usr/share/php') in /var/www/cgb.gdlogistica.com/public_html/index.php on line 101
[25-Jul-2025 02:56:53 UTC] PHP Warning:  include(functions.php): Failed to open stream: No such file or directory in /var/www/cgb.gdlogistica.com/public_html/includes/config.php on line 21
[25-Jul-2025 02:56:53 UTC] PHP Warning:  include(): Failed opening 'functions.php' for inclusion (include_path='.:/usr/share/php') in /var/www/cgb.gdlogistica.com/public_html/includes/config.php on line 21
[25-Jul-2025 02:56:53 UTC] PHP Warning:  include(includes/footer.php): Failed to open stream: No such file or directory in /var/www/cgb.gdlogistica.com/public_html/index.php on line 101
[25-Jul-2025 02:56:53 UTC] PHP Warning:  include(): Failed opening 'includes/footer.php' for inclusion (include_path='.:/usr/share/php') in /var/www/cgb.gdlogistica.com/public_html/index.php on line 101
[25-Jul-2025 02:56:53 UTC] PHP Warning:  include(functions.php): Failed to open stream: No such file or directory in /var/www/cgb.gdlogistica.com/public_html/includes/config.php on line 21
[25-Jul-2025 02:56:53 UTC] PHP Warning:  include(): Failed opening 'functions.php' for inclusion (include_path='.:/usr/share/php') in /var/www/cgb.gdlogistica.com/public_html/includes/config.php on line 21
[25-Jul-2025 02:56:53 UTC] PHP Warning:  include(includes/footer.php): Failed to open stream: No such file or directory in /var/www/cgb.gdlogistica.com/public_html/index.php on line 101
[25-Jul-2025 02:56:53 UTC] PHP Warning:  include(): Failed opening 'includes/footer.php' for inclusion (include_path='.:/usr/share/php') in /var/www/cgb.gdlogistica.com/public_html/index.php on line 101
[25-Jul-2025 02:56:53 UTC] PHP Warning:  include(functions.php): Failed to open stream: No such file or directory in /var/www/cgb.gdlogistica.com/public_html/includes/config.php on line 21
[25-Jul-2025 02:56:53 UTC] PHP Warning:  include(): Failed opening 'functions.php' for inclusion (include_path='.:/usr/share/php') in /var/www/cgb.gdlogistica.com/public_html/includes/config.php on line 21
[25-Jul-2025 02:56:53 UTC] PHP Warning:  include(includes/footer.php): Failed to open stream: No such file or directory in /var/www/cgb.gdlogistica.com/public_html/index.php on line 101
[25-Jul-2025 02:56:53 UTC] PHP Warning:  include(): Failed opening 'includes/footer.php' for inclusion (include_path='.:/usr/share/php') in /var/www/cgb.gdlogistica.com/public_html/index.php on line 101
[25-Jul-2025 02:56:53 UTC] PHP Warning:  include(functions.php): Failed to open stream: No such file or directory in /var/www/cgb.gdlogistica.com/public_html/includes/config.php on line 21
[25-Jul-2025 02:56:53 UTC] PHP Warning:  include(): Failed opening 'functions.php' for inclusion (include_path='.:/usr/share/php') in /var/www/cgb.gdlogistica.com/public_html/includes/config.php on line 21
[25-Jul-2025 02:56:53 UTC] PHP Warning:  include(includes/footer.php): Failed to open stream: No such file or directory in /var/www/cgb.gdlogistica.com/public_html/index.php on line 101
[25-Jul-2025 02:56:53 UTC] PHP Warning:  include(): Failed opening 'includes/footer.php' for inclusion (include_path='.:/usr/share/php') in /var/www/cgb.gdlogistica.com/public_html/index.php on line 101
[25-Jul-2025 02:56:54 UTC] PHP Warning:  include(functions.php): Failed to open stream: No such file or directory in /var/www/cgb.gdlogistica.com/public_html/includes/config.php on line 21
[25-Jul-2025 02:56:54 UTC] PHP Warning:  include(): Failed opening 'functions.php' for inclusion (include_path='.:/usr/share/php') in /var/www/cgb.gdlogistica.com/public_html/includes/config.php on line 21
[25-Jul-2025 02:56:54 UTC] PHP Warning:  include(includes/footer.php): Failed to open stream: No such file or directory in /var/www/cgb.gdlogistica.com/public_html/index.php on line 101
[25-Jul-2025 02:56:54 UTC] PHP Warning:  include(): Failed opening 'includes/footer.php' for inclusion (include_path='.:/usr/share/php') in /var/www/cgb.gdlogistica.com/public_html/index.php on line 101
[25-Jul-2025 02:56:54 UTC] PHP Warning:  include(functions.php): Failed to open stream: No such file or directory in /var/www/cgb.gdlogistica.com/public_html/includes/config.php on line 21
[25-Jul-2025 02:56:54 UTC] PHP Warning:  include(): Failed opening 'functions.php' for inclusion (include_path='.:/usr/share/php') in /var/www/cgb.gdlogistica.com/public_html/includes/config.php on line 21
[25-Jul-2025 02:56:54 UTC] PHP Warning:  include(includes/footer.php): Failed to open stream: No such file or directory in /var/www/cgb.gdlogistica.com/public_html/index.php on line 101
[25-Jul-2025 02:56:54 UTC] PHP Warning:  include(): Failed opening 'includes/footer.php' for inclusion (include_path='.:/usr/share/php') in /var/www/cgb.gdlogistica.com/public_html/index.php on line 101
[25-Jul-2025 02:56:54 UTC] PHP Warning:  include(functions.php): Failed to open stream: No such file or directory in /var/www/cgb.gdlogistica.com/public_html/includes/config.php on line 21
[25-Jul-2025 02:56:54 UTC] PHP Warning:  include(): Failed opening 'functions.php' for inclusion (include_path='.:/usr/share/php') in /var/www/cgb.gdlogistica.com/public_html/includes/config.php on line 21
[25-Jul-2025 02:56:54 UTC] PHP Warning:  include(includes/footer.php): Failed to open stream: No such file or directory in /var/www/cgb.gdlogistica.com/public_html/index.php on line 101
[25-Jul-2025 02:56:54 UTC] PHP Warning:  include(): Failed opening 'includes/footer.php' for inclusion (include_path='.:/usr/share/php') in /var/www/cgb.gdlogistica.com/public_html/index.php on line 101
[25-Jul-2025 02:56:54 UTC] PHP Warning:  include(functions.php): Failed to open stream: No such file or directory in /var/www/cgb.gdlogistica.com/public_html/includes/config.php on line 21
[25-Jul-2025 02:56:54 UTC] PHP Warning:  include(): Failed opening 'functions.php' for inclusion (include_path='.:/usr/share/php') in /var/www/cgb.gdlogistica.com/public_html/includes/config.php on line 21
[25-Jul-2025 02:56:54 UTC] PHP Warning:  include(includes/footer.php): Failed to open stream: No such file or directory in /var/www/cgb.gdlogistica.com/public_html/index.php on line 101
[25-Jul-2025 02:56:54 UTC] PHP Warning:  include(): Failed opening 'includes/footer.php' for inclusion (include_path='.:/usr/share/php') in /var/www/cgb.gdlogistica.com/public_html/index.php on line 101
[25-Jul-2025 02:56:54 UTC] PHP Warning:  include(functions.php): Failed to open stream: No such file or directory in /var/www/cgb.gdlogistica.com/public_html/includes/config.php on line 21
[25-Jul-2025 02:56:54 UTC] PHP Warning:  include(): Failed opening 'functions.php' for inclusion (include_path='.:/usr/share/php') in /var/www/cgb.gdlogistica.com/public_html/includes/config.php on line 21
[25-Jul-2025 02:56:54 UTC] PHP Warning:  include(includes/footer.php): Failed to open stream: No such file or directory in /var/www/cgb.gdlogistica.com/public_html/index.php on line 101
[25-Jul-2025 02:56:54 UTC] PHP Warning:  include(): Failed opening 'includes/footer.php' for inclusion (include_path='.:/usr/share/php') in /var/www/cgb.gdlogistica.com/public_html/index.php on line 101
[25-Jul-2025 03:21:29 UTC] PHP Warning:  include(functions.php): Failed to open stream: No such file or directory in /var/www/cgb.gdlogistica.com/public_html/includes/config.php on line 21
[25-Jul-2025 03:21:29 UTC] PHP Warning:  include(): Failed opening 'functions.php' for inclusion (include_path='.:/usr/share/php') in /var/www/cgb.gdlogistica.com/public_html/includes/config.php on line 21
[25-Jul-2025 03:21:29 UTC] PHP Warning:  include(includes/footer.php): Failed to open stream: No such file or directory in /var/www/cgb.gdlogistica.com/public_html/index.php on line 101
[25-Jul-2025 03:21:29 UTC] PHP Warning:  include(): Failed opening 'includes/footer.php' for inclusion (include_path='.:/usr/share/php') in /var/www/cgb.gdlogistica.com/public_html/index.php on line 101
[25-Jul-2025 03:51:49 UTC] PHP Warning:  include(functions.php): Failed to open stream: No such file or directory in /var/www/cgb.gdlogistica.com/public_html/includes/config.php on line 21
[25-Jul-2025 03:51:49 UTC] PHP Warning:  include(): Failed opening 'functions.php' for inclusion (include_path='.:/usr/share/php') in /var/www/cgb.gdlogistica.com/public_html/includes/config.php on line 21
[25-Jul-2025 03:51:49 UTC] PHP Warning:  include(includes/footer.php): Failed to open stream: No such file or directory in /var/www/cgb.gdlogistica.com/public_html/index.php on line 101
[25-Jul-2025 03:51:49 UTC] PHP Warning:  include(): Failed opening 'includes/footer.php' for inclusion (include_path='.:/usr/share/php') in /var/www/cgb.gdlogistica.com/public_html/index.php on line 101
[25-Jul-2025 03:55:23 UTC] PHP Warning:  include(functions.php): Failed to open stream: No such file or directory in /var/www/cgb.gdlogistica.com/public_html/includes/config.php on line 21
[25-Jul-2025 03:55:23 UTC] PHP Warning:  include(): Failed opening 'functions.php' for inclusion (include_path='.:/usr/share/php') in /var/www/cgb.gdlogistica.com/public_html/includes/config.php on line 21
[25-Jul-2025 03:55:23 UTC] PHP Warning:  include(includes/footer.php): Failed to open stream: No such file or directory in /var/www/cgb.gdlogistica.com/public_html/index.php on line 101
[25-Jul-2025 03:55:23 UTC] PHP Warning:  include(): Failed opening 'includes/footer.php' for inclusion (include_path='.:/usr/share/php') in /var/www/cgb.gdlogistica.com/public_html/index.php on line 101
[25-Jul-2025 04:10:41 UTC] PHP Warning:  include(functions.php): Failed to open stream: No such file or directory in /var/www/cgb.gdlogistica.com/public_html/includes/config.php on line 21
[25-Jul-2025 04:10:41 UTC] PHP Warning:  include(): Failed opening 'functions.php' for inclusion (include_path='.:/usr/share/php') in /var/www/cgb.gdlogistica.com/public_html/includes/config.php on line 21
[25-Jul-2025 04:10:41 UTC] PHP Warning:  include(includes/footer.php): Failed to open stream: No such file or directory in /var/www/cgb.gdlogistica.com/public_html/index.php on line 101
[25-Jul-2025 04:10:41 UTC] PHP Warning:  include(): Failed opening 'includes/footer.php' for inclusion (include_path='.:/usr/share/php') in /var/www/cgb.gdlogistica.com/public_html/index.php on line 101
[25-Jul-2025 04:12:54 UTC] PHP Warning:  include(functions.php): Failed to open stream: No such file or directory in /var/www/cgb.gdlogistica.com/public_html/includes/config.php on line 21
[25-Jul-2025 04:12:54 UTC] PHP Warning:  include(): Failed opening 'functions.php' for inclusion (include_path='.:/usr/share/php') in /var/www/cgb.gdlogistica.com/public_html/includes/config.php on line 21
[25-Jul-2025 04:12:54 UTC] PHP Warning:  include(includes/footer.php): Failed to open stream: No such file or directory in /var/www/cgb.gdlogistica.com/public_html/index.php on line 101
[25-Jul-2025 04:12:54 UTC] PHP Warning:  include(): Failed opening 'includes/footer.php' for inclusion (include_path='.:/usr/share/php') in /var/www/cgb.gdlogistica.com/public_html/index.php on line 101
[25-Jul-2025 04:32:29 UTC] PHP Warning:  include(functions.php): Failed to open stream: No such file or directory in /var/www/cgb.gdlogistica.com/public_html/includes/config.php on line 21
[25-Jul-2025 04:32:29 UTC] PHP Warning:  include(): Failed opening 'functions.php' for inclusion (include_path='.:/usr/share/php') in /var/www/cgb.gdlogistica.com/public_html/includes/config.php on line 21
[25-Jul-2025 04:32:29 UTC] PHP Warning:  include(includes/footer.php): Failed to open stream: No such file or directory in /var/www/cgb.gdlogistica.com/public_html/index.php on line 101
[25-Jul-2025 04:32:29 UTC] PHP Warning:  include(): Failed opening 'includes/footer.php' for inclusion (include_path='.:/usr/share/php') in /var/www/cgb.gdlogistica.com/public_html/index.php on line 101
[25-Jul-2025 04:44:52 UTC] PHP Warning:  include(functions.php): Failed to open stream: No such file or directory in /var/www/cgb.gdlogistica.com/public_html/includes/config.php on line 21
[25-Jul-2025 04:44:52 UTC] PHP Warning:  include(): Failed opening 'functions.php' for inclusion (include_path='.:/usr/share/php') in /var/www/cgb.gdlogistica.com/public_html/includes/config.php on line 21
[25-Jul-2025 04:44:52 UTC] PHP Warning:  include(includes/footer.php): Failed to open stream: No such file or directory in /var/www/cgb.gdlogistica.com/public_html/index.php on line 101
[25-Jul-2025 04:44:52 UTC] PHP Warning:  include(): Failed opening 'includes/footer.php' for inclusion (include_path='.:/usr/share/php') in /var/www/cgb.gdlogistica.com/public_html/index.php on line 101
[25-Jul-2025 04:54:19 UTC] PHP Warning:  include(functions.php): Failed to open stream: No such file or directory in /var/www/cgb.gdlogistica.com/public_html/includes/config.php on line 21
[25-Jul-2025 04:54:19 UTC] PHP Warning:  include(): Failed opening 'functions.php' for inclusion (include_path='.:/usr/share/php') in /var/www/cgb.gdlogistica.com/public_html/includes/config.php on line 21
[25-Jul-2025 04:54:19 UTC] PHP Warning:  include(includes/footer.php): Failed to open stream: No such file or directory in /var/www/cgb.gdlogistica.com/public_html/index.php on line 101
[25-Jul-2025 04:54:19 UTC] PHP Warning:  include(): Failed opening 'includes/footer.php' for inclusion (include_path='.:/usr/share/php') in /var/www/cgb.gdlogistica.com/public_html/index.php on line 101
[25-Jul-2025 05:16:20 UTC] PHP Warning:  include(functions.php): Failed to open stream: No such file or directory in /var/www/cgb.gdlogistica.com/public_html/includes/config.php on line 21
[25-Jul-2025 05:16:20 UTC] PHP Warning:  include(): Failed opening 'functions.php' for inclusion (include_path='.:/usr/share/php') in /var/www/cgb.gdlogistica.com/public_html/includes/config.php on line 21
[25-Jul-2025 05:16:20 UTC] PHP Warning:  include(includes/footer.php): Failed to open stream: No such file or directory in /var/www/cgb.gdlogistica.com/public_html/index.php on line 101
[25-Jul-2025 05:16:20 UTC] PHP Warning:  include(): Failed opening 'includes/footer.php' for inclusion (include_path='.:/usr/share/php') in /var/www/cgb.gdlogistica.com/public_html/index.php on line 101
[25-Jul-2025 05:16:55 UTC] PHP Warning:  include(functions.php): Failed to open stream: No such file or directory in /var/www/cgb.gdlogistica.com/public_html/includes/config.php on line 21
[25-Jul-2025 05:16:55 UTC] PHP Warning:  include(): Failed opening 'functions.php' for inclusion (include_path='.:/usr/share/php') in /var/www/cgb.gdlogistica.com/public_html/includes/config.php on line 21
[25-Jul-2025 05:16:55 UTC] PHP Warning:  include(includes/footer.php): Failed to open stream: No such file or directory in /var/www/cgb.gdlogistica.com/public_html/index.php on line 101
[25-Jul-2025 05:16:55 UTC] PHP Warning:  include(): Failed opening 'includes/footer.php' for inclusion (include_path='.:/usr/share/php') in /var/www/cgb.gdlogistica.com/public_html/index.php on line 101
[25-Jul-2025 05:16:55 UTC] PHP Warning:  include(functions.php): Failed to open stream: No such file or directory in /var/www/cgb.gdlogistica.com/public_html/includes/config.php on line 21
[25-Jul-2025 05:16:55 UTC] PHP Warning:  include(): Failed opening 'functions.php' for inclusion (include_path='.:/usr/share/php') in /var/www/cgb.gdlogistica.com/public_html/includes/config.php on line 21
[25-Jul-2025 05:16:55 UTC] PHP Warning:  include(includes/footer.php): Failed to open stream: No such file or directory in /var/www/cgb.gdlogistica.com/public_html/index.php on line 101
[25-Jul-2025 05:16:55 UTC] PHP Warning:  include(): Failed opening 'includes/footer.php' for inclusion (include_path='.:/usr/share/php') in /var/www/cgb.gdlogistica.com/public_html/index.php on line 101
[25-Jul-2025 05:16:56 UTC] PHP Warning:  include(functions.php): Failed to open stream: No such file or directory in /var/www/cgb.gdlogistica.com/public_html/includes/config.php on line 21
[25-Jul-2025 05:16:56 UTC] PHP Warning:  include(): Failed opening 'functions.php' for inclusion (include_path='.:/usr/share/php') in /var/www/cgb.gdlogistica.com/public_html/includes/config.php on line 21
[25-Jul-2025 05:16:56 UTC] PHP Warning:  include(includes/footer.php): Failed to open stream: No such file or directory in /var/www/cgb.gdlogistica.com/public_html/index.php on line 101
[25-Jul-2025 05:16:56 UTC] PHP Warning:  include(): Failed opening 'includes/footer.php' for inclusion (include_path='.:/usr/share/php') in /var/www/cgb.gdlogistica.com/public_html/index.php on line 101
[25-Jul-2025 05:16:56 UTC] PHP Warning:  include(functions.php): Failed to open stream: No such file or directory in /var/www/cgb.gdlogistica.com/public_html/includes/config.php on line 21
[25-Jul-2025 05:16:56 UTC] PHP Warning:  include(): Failed opening 'functions.php' for inclusion (include_path='.:/usr/share/php') in /var/www/cgb.gdlogistica.com/public_html/includes/config.php on line 21
[25-Jul-2025 05:16:56 UTC] PHP Warning:  include(includes/footer.php): Failed to open stream: No such file or directory in /var/www/cgb.gdlogistica.com/public_html/index.php on line 101
[25-Jul-2025 05:16:56 UTC] PHP Warning:  include(): Failed opening 'includes/footer.php' for inclusion (include_path='.:/usr/share/php') in /var/www/cgb.gdlogistica.com/public_html/index.php on line 101
[25-Jul-2025 05:16:57 UTC] PHP Warning:  include(functions.php): Failed to open stream: No such file or directory in /var/www/cgb.gdlogistica.com/public_html/includes/config.php on line 21
[25-Jul-2025 05:16:57 UTC] PHP Warning:  include(): Failed opening 'functions.php' for inclusion (include_path='.:/usr/share/php') in /var/www/cgb.gdlogistica.com/public_html/includes/config.php on line 21
[25-Jul-2025 05:16:57 UTC] PHP Warning:  include(includes/footer.php): Failed to open stream: No such file or directory in /var/www/cgb.gdlogistica.com/public_html/index.php on line 101
[25-Jul-2025 05:16:57 UTC] PHP Warning:  include(): Failed opening 'includes/footer.php' for inclusion (include_path='.:/usr/share/php') in /var/www/cgb.gdlogistica.com/public_html/index.php on line 101
[25-Jul-2025 05:16:58 UTC] PHP Warning:  include(functions.php): Failed to open stream: No such file or directory in /var/www/cgb.gdlogistica.com/public_html/includes/config.php on line 21
[25-Jul-2025 05:16:58 UTC] PHP Warning:  include(): Failed opening 'functions.php' for inclusion (include_path='.:/usr/share/php') in /var/www/cgb.gdlogistica.com/public_html/includes/config.php on line 21
[25-Jul-2025 05:16:58 UTC] PHP Warning:  include(includes/footer.php): Failed to open stream: No such file or directory in /var/www/cgb.gdlogistica.com/public_html/index.php on line 101
[25-Jul-2025 05:16:58 UTC] PHP Warning:  include(): Failed opening 'includes/footer.php' for inclusion (include_path='.:/usr/share/php') in /var/www/cgb.gdlogistica.com/public_html/index.php on line 101
[25-Jul-2025 05:16:58 UTC] PHP Warning:  include(functions.php): Failed to open stream: No such file or directory in /var/www/cgb.gdlogistica.com/public_html/includes/config.php on line 21
[25-Jul-2025 05:16:58 UTC] PHP Warning:  include(): Failed opening 'functions.php' for inclusion (include_path='.:/usr/share/php') in /var/www/cgb.gdlogistica.com/public_html/includes/config.php on line 21
[25-Jul-2025 05:16:58 UTC] PHP Warning:  include(includes/footer.php): Failed to open stream: No such file or directory in /var/www/cgb.gdlogistica.com/public_html/index.php on line 101
[25-Jul-2025 05:16:58 UTC] PHP Warning:  include(): Failed opening 'includes/footer.php' for inclusion (include_path='.:/usr/share/php') in /var/www/cgb.gdlogistica.com/public_html/index.php on line 101
[25-Jul-2025 05:56:52 UTC] PHP Warning:  include(functions.php): Failed to open stream: No such file or directory in /var/www/cgb.gdlogistica.com/public_html/includes/config.php on line 21
[25-Jul-2025 05:56:52 UTC] PHP Warning:  include(): Failed opening 'functions.php' for inclusion (include_path='.:/usr/share/php') in /var/www/cgb.gdlogistica.com/public_html/includes/config.php on line 21
[25-Jul-2025 05:56:52 UTC] PHP Warning:  include(includes/footer.php): Failed to open stream: No such file or directory in /var/www/cgb.gdlogistica.com/public_html/index.php on line 101
[25-Jul-2025 05:56:52 UTC] PHP Warning:  include(): Failed opening 'includes/footer.php' for inclusion (include_path='.:/usr/share/php') in /var/www/cgb.gdlogistica.com/public_html/index.php on line 101
[25-Jul-2025 06:00:38 UTC] PHP Warning:  include(functions.php): Failed to open stream: No such file or directory in /var/www/cgb.gdlogistica.com/public_html/includes/config.php on line 21
[25-Jul-2025 06:00:38 UTC] PHP Warning:  include(): Failed opening 'functions.php' for inclusion (include_path='.:/usr/share/php') in /var/www/cgb.gdlogistica.com/public_html/includes/config.php on line 21
[25-Jul-2025 06:00:38 UTC] PHP Warning:  include(includes/footer.php): Failed to open stream: No such file or directory in /var/www/cgb.gdlogistica.com/public_html/index.php on line 101
[25-Jul-2025 06:00:38 UTC] PHP Warning:  include(): Failed opening 'includes/footer.php' for inclusion (include_path='.:/usr/share/php') in /var/www/cgb.gdlogistica.com/public_html/index.php on line 101
[25-Jul-2025 06:09:23 UTC] PHP Warning:  include(functions.php): Failed to open stream: No such file or directory in /var/www/cgb.gdlogistica.com/public_html/includes/config.php on line 21
[25-Jul-2025 06:09:23 UTC] PHP Warning:  include(): Failed opening 'functions.php' for inclusion (include_path='.:/usr/share/php') in /var/www/cgb.gdlogistica.com/public_html/includes/config.php on line 21
[25-Jul-2025 06:09:23 UTC] PHP Warning:  include(includes/footer.php): Failed to open stream: No such file or directory in /var/www/cgb.gdlogistica.com/public_html/index.php on line 101
[25-Jul-2025 06:09:23 UTC] PHP Warning:  include(): Failed opening 'includes/footer.php' for inclusion (include_path='.:/usr/share/php') in /var/www/cgb.gdlogistica.com/public_html/index.php on line 101
[25-Jul-2025 06:20:15 UTC] PHP Warning:  include(functions.php): Failed to open stream: No such file or directory in /var/www/cgb.gdlogistica.com/public_html/includes/config.php on line 21
[25-Jul-2025 06:20:15 UTC] PHP Warning:  include(): Failed opening 'functions.php' for inclusion (include_path='.:/usr/share/php') in /var/www/cgb.gdlogistica.com/public_html/includes/config.php on line 21
[25-Jul-2025 06:20:15 UTC] PHP Warning:  include(includes/footer.php): Failed to open stream: No such file or directory in /var/www/cgb.gdlogistica.com/public_html/index.php on line 101
[25-Jul-2025 06:20:15 UTC] PHP Warning:  include(): Failed opening 'includes/footer.php' for inclusion (include_path='.:/usr/share/php') in /var/www/cgb.gdlogistica.com/public_html/index.php on line 101
[25-Jul-2025 06:25:58 UTC] PHP Warning:  include(functions.php): Failed to open stream: No such file or directory in /var/www/cgb.gdlogistica.com/public_html/includes/config.php on line 21
[25-Jul-2025 06:25:58 UTC] PHP Warning:  include(): Failed opening 'functions.php' for inclusion (include_path='.:/usr/share/php') in /var/www/cgb.gdlogistica.com/public_html/includes/config.php on line 21
[25-Jul-2025 06:25:58 UTC] PHP Warning:  include(includes/footer.php): Failed to open stream: No such file or directory in /var/www/cgb.gdlogistica.com/public_html/index.php on line 101
[25-Jul-2025 06:25:58 UTC] PHP Warning:  include(): Failed opening 'includes/footer.php' for inclusion (include_path='.:/usr/share/php') in /var/www/cgb.gdlogistica.com/public_html/index.php on line 101
[25-Jul-2025 06:25:59 UTC] PHP Warning:  include(functions.php): Failed to open stream: No such file or directory in /var/www/cgb.gdlogistica.com/public_html/includes/config.php on line 21
[25-Jul-2025 06:25:59 UTC] PHP Warning:  include(): Failed opening 'functions.php' for inclusion (include_path='.:/usr/share/php') in /var/www/cgb.gdlogistica.com/public_html/includes/config.php on line 21
[25-Jul-2025 06:25:59 UTC] PHP Warning:  include(includes/footer.php): Failed to open stream: No such file or directory in /var/www/cgb.gdlogistica.com/public_html/index.php on line 101
[25-Jul-2025 06:25:59 UTC] PHP Warning:  include(): Failed opening 'includes/footer.php' for inclusion (include_path='.:/usr/share/php') in /var/www/cgb.gdlogistica.com/public_html/index.php on line 101
[25-Jul-2025 06:31:29 UTC] PHP Warning:  include(functions.php): Failed to open stream: No such file or directory in /var/www/cgb.gdlogistica.com/public_html/includes/config.php on line 21
[25-Jul-2025 06:31:29 UTC] PHP Warning:  include(): Failed opening 'functions.php' for inclusion (include_path='.:/usr/share/php') in /var/www/cgb.gdlogistica.com/public_html/includes/config.php on line 21
[25-Jul-2025 06:31:29 UTC] PHP Warning:  include(includes/footer.php): Failed to open stream: No such file or directory in /var/www/cgb.gdlogistica.com/public_html/index.php on line 101
[25-Jul-2025 06:31:29 UTC] PHP Warning:  include(): Failed opening 'includes/footer.php' for inclusion (include_path='.:/usr/share/php') in /var/www/cgb.gdlogistica.com/public_html/index.php on line 101
[25-Jul-2025 06:35:18 UTC] PHP Warning:  include(functions.php): Failed to open stream: No such file or directory in /var/www/cgb.gdlogistica.com/public_html/includes/config.php on line 21
[25-Jul-2025 06:35:18 UTC] PHP Warning:  include(): Failed opening 'functions.php' for inclusion (include_path='.:/usr/share/php') in /var/www/cgb.gdlogistica.com/public_html/includes/config.php on line 21
[25-Jul-2025 06:35:18 UTC] PHP Warning:  include(includes/footer.php): Failed to open stream: No such file or directory in /var/www/cgb.gdlogistica.com/public_html/index.php on line 101
[25-Jul-2025 06:35:18 UTC] PHP Warning:  include(): Failed opening 'includes/footer.php' for inclusion (include_path='.:/usr/share/php') in /var/www/cgb.gdlogistica.com/public_html/index.php on line 101
[25-Jul-2025 06:53:19 UTC] PHP Warning:  include(functions.php): Failed to open stream: No such file or directory in /var/www/cgb.gdlogistica.com/public_html/includes/config.php on line 21
[25-Jul-2025 06:53:19 UTC] PHP Warning:  include(): Failed opening 'functions.php' for inclusion (include_path='.:/usr/share/php') in /var/www/cgb.gdlogistica.com/public_html/includes/config.php on line 21
[25-Jul-2025 06:53:19 UTC] PHP Warning:  include(includes/footer.php): Failed to open stream: No such file or directory in /var/www/cgb.gdlogistica.com/public_html/index.php on line 101
[25-Jul-2025 06:53:19 UTC] PHP Warning:  include(): Failed opening 'includes/footer.php' for inclusion (include_path='.:/usr/share/php') in /var/www/cgb.gdlogistica.com/public_html/index.php on line 101
[25-Jul-2025 06:53:20 UTC] PHP Warning:  include(functions.php): Failed to open stream: No such file or directory in /var/www/cgb.gdlogistica.com/public_html/includes/config.php on line 21
[25-Jul-2025 06:53:20 UTC] PHP Warning:  include(): Failed opening 'functions.php' for inclusion (include_path='.:/usr/share/php') in /var/www/cgb.gdlogistica.com/public_html/includes/config.php on line 21
[25-Jul-2025 06:53:20 UTC] PHP Warning:  include(includes/footer.php): Failed to open stream: No such file or directory in /var/www/cgb.gdlogistica.com/public_html/index.php on line 101
[25-Jul-2025 06:53:20 UTC] PHP Warning:  include(): Failed opening 'includes/footer.php' for inclusion (include_path='.:/usr/share/php') in /var/www/cgb.gdlogistica.com/public_html/index.php on line 101
[25-Jul-2025 06:53:20 UTC] PHP Warning:  include(functions.php): Failed to open stream: No such file or directory in /var/www/cgb.gdlogistica.com/public_html/includes/config.php on line 21
[25-Jul-2025 06:53:20 UTC] PHP Warning:  include(): Failed opening 'functions.php' for inclusion (include_path='.:/usr/share/php') in /var/www/cgb.gdlogistica.com/public_html/includes/config.php on line 21
[25-Jul-2025 06:53:20 UTC] PHP Warning:  include(includes/footer.php): Failed to open stream: No such file or directory in /var/www/cgb.gdlogistica.com/public_html/index.php on line 101
[25-Jul-2025 06:53:20 UTC] PHP Warning:  include(): Failed opening 'includes/footer.php' for inclusion (include_path='.:/usr/share/php') in /var/www/cgb.gdlogistica.com/public_html/index.php on line 101
[25-Jul-2025 06:53:20 UTC] PHP Warning:  include(functions.php): Failed to open stream: No such file or directory in /var/www/cgb.gdlogistica.com/public_html/includes/config.php on line 21
[25-Jul-2025 06:53:20 UTC] PHP Warning:  include(): Failed opening 'functions.php' for inclusion (include_path='.:/usr/share/php') in /var/www/cgb.gdlogistica.com/public_html/includes/config.php on line 21
[25-Jul-2025 06:53:20 UTC] PHP Warning:  include(includes/footer.php): Failed to open stream: No such file or directory in /var/www/cgb.gdlogistica.com/public_html/index.php on line 101
[25-Jul-2025 06:53:20 UTC] PHP Warning:  include(): Failed opening 'includes/footer.php' for inclusion (include_path='.:/usr/share/php') in /var/www/cgb.gdlogistica.com/public_html/index.php on line 101
[25-Jul-2025 06:53:20 UTC] PHP Warning:  include(functions.php): Failed to open stream: No such file or directory in /var/www/cgb.gdlogistica.com/public_html/includes/config.php on line 21
[25-Jul-2025 06:53:20 UTC] PHP Warning:  include(): Failed opening 'functions.php' for inclusion (include_path='.:/usr/share/php') in /var/www/cgb.gdlogistica.com/public_html/includes/config.php on line 21
[25-Jul-2025 06:53:20 UTC] PHP Warning:  include(includes/footer.php): Failed to open stream: No such file or directory in /var/www/cgb.gdlogistica.com/public_html/index.php on line 101
[25-Jul-2025 06:53:20 UTC] PHP Warning:  include(): Failed opening 'includes/footer.php' for inclusion (include_path='.:/usr/share/php') in /var/www/cgb.gdlogistica.com/public_html/index.php on line 101
[25-Jul-2025 06:53:20 UTC] PHP Warning:  include(functions.php): Failed to open stream: No such file or directory in /var/www/cgb.gdlogistica.com/public_html/includes/config.php on line 21
[25-Jul-2025 06:53:20 UTC] PHP Warning:  include(): Failed opening 'functions.php' for inclusion (include_path='.:/usr/share/php') in /var/www/cgb.gdlogistica.com/public_html/includes/config.php on line 21
[25-Jul-2025 06:53:20 UTC] PHP Warning:  include(includes/footer.php): Failed to open stream: No such file or directory in /var/www/cgb.gdlogistica.com/public_html/index.php on line 101
[25-Jul-2025 06:53:20 UTC] PHP Warning:  include(): Failed opening 'includes/footer.php' for inclusion (include_path='.:/usr/share/php') in /var/www/cgb.gdlogistica.com/public_html/index.php on line 101
[25-Jul-2025 07:15:46 UTC] PHP Warning:  include(functions.php): Failed to open stream: No such file or directory in /var/www/cgb.gdlogistica.com/public_html/includes/config.php on line 21
[25-Jul-2025 07:15:46 UTC] PHP Warning:  include(): Failed opening 'functions.php' for inclusion (include_path='.:/usr/share/php') in /var/www/cgb.gdlogistica.com/public_html/includes/config.php on line 21
[25-Jul-2025 07:15:46 UTC] PHP Warning:  include(includes/footer.php): Failed to open stream: No such file or directory in /var/www/cgb.gdlogistica.com/public_html/index.php on line 101
[25-Jul-2025 07:15:46 UTC] PHP Warning:  include(): Failed opening 'includes/footer.php' for inclusion (include_path='.:/usr/share/php') in /var/www/cgb.gdlogistica.com/public_html/index.php on line 101
[25-Jul-2025 07:33:20 UTC] PHP Warning:  include(functions.php): Failed to open stream: No such file or directory in /var/www/cgb.gdlogistica.com/public_html/includes/config.php on line 21
[25-Jul-2025 07:33:20 UTC] PHP Warning:  include(): Failed opening 'functions.php' for inclusion (include_path='.:/usr/share/php') in /var/www/cgb.gdlogistica.com/public_html/includes/config.php on line 21
[25-Jul-2025 07:33:20 UTC] PHP Warning:  include(includes/footer.php): Failed to open stream: No such file or directory in /var/www/cgb.gdlogistica.com/public_html/index.php on line 101
[25-Jul-2025 07:33:20 UTC] PHP Warning:  include(): Failed opening 'includes/footer.php' for inclusion (include_path='.:/usr/share/php') in /var/www/cgb.gdlogistica.com/public_html/index.php on line 101
[25-Jul-2025 07:50:38 UTC] PHP Warning:  include(functions.php): Failed to open stream: No such file or directory in /var/www/cgb.gdlogistica.com/public_html/includes/config.php on line 21
[25-Jul-2025 07:50:38 UTC] PHP Warning:  include(): Failed opening 'functions.php' for inclusion (include_path='.:/usr/share/php') in /var/www/cgb.gdlogistica.com/public_html/includes/config.php on line 21
[25-Jul-2025 07:50:38 UTC] PHP Warning:  include(includes/footer.php): Failed to open stream: No such file or directory in /var/www/cgb.gdlogistica.com/public_html/index.php on line 101
[25-Jul-2025 07:50:38 UTC] PHP Warning:  include(): Failed opening 'includes/footer.php' for inclusion (include_path='.:/usr/share/php') in /var/www/cgb.gdlogistica.com/public_html/index.php on line 101
[25-Jul-2025 08:03:18 UTC] PHP Warning:  include(functions.php): Failed to open stream: No such file or directory in /var/www/cgb.gdlogistica.com/public_html/includes/config.php on line 21
[25-Jul-2025 08:03:18 UTC] PHP Warning:  include(): Failed opening 'functions.php' for inclusion (include_path='.:/usr/share/php') in /var/www/cgb.gdlogistica.com/public_html/includes/config.php on line 21
[25-Jul-2025 08:03:18 UTC] PHP Warning:  include(includes/footer.php): Failed to open stream: No such file or directory in /var/www/cgb.gdlogistica.com/public_html/index.php on line 101
[25-Jul-2025 08:03:18 UTC] PHP Warning:  include(): Failed opening 'includes/footer.php' for inclusion (include_path='.:/usr/share/php') in /var/www/cgb.gdlogistica.com/public_html/index.php on line 101
[25-Jul-2025 08:11:44 UTC] PHP Warning:  include(functions.php): Failed to open stream: No such file or directory in /var/www/cgb.gdlogistica.com/public_html/includes/config.php on line 21
[25-Jul-2025 08:11:44 UTC] PHP Warning:  include(): Failed opening 'functions.php' for inclusion (include_path='.:/usr/share/php') in /var/www/cgb.gdlogistica.com/public_html/includes/config.php on line 21
[25-Jul-2025 08:11:44 UTC] PHP Warning:  include(includes/footer.php): Failed to open stream: No such file or directory in /var/www/cgb.gdlogistica.com/public_html/index.php on line 101
[25-Jul-2025 08:11:44 UTC] PHP Warning:  include(): Failed opening 'includes/footer.php' for inclusion (include_path='.:/usr/share/php') in /var/www/cgb.gdlogistica.com/public_html/index.php on line 101
[25-Jul-2025 08:13:29 UTC] PHP Warning:  include(functions.php): Failed to open stream: No such file or directory in /var/www/cgb.gdlogistica.com/public_html/includes/config.php on line 21
[25-Jul-2025 08:13:29 UTC] PHP Warning:  include(): Failed opening 'functions.php' for inclusion (include_path='.:/usr/share/php') in /var/www/cgb.gdlogistica.com/public_html/includes/config.php on line 21
[25-Jul-2025 08:13:29 UTC] PHP Warning:  include(includes/footer.php): Failed to open stream: No such file or directory in /var/www/cgb.gdlogistica.com/public_html/index.php on line 101
[25-Jul-2025 08:13:29 UTC] PHP Warning:  include(): Failed opening 'includes/footer.php' for inclusion (include_path='.:/usr/share/php') in /var/www/cgb.gdlogistica.com/public_html/index.php on line 101
[25-Jul-2025 09:12:07 UTC] PHP Warning:  include(functions.php): Failed to open stream: No such file or directory in /var/www/cgb.gdlogistica.com/public_html/includes/config.php on line 21
[25-Jul-2025 09:12:07 UTC] PHP Warning:  include(): Failed opening 'functions.php' for inclusion (include_path='.:/usr/share/php') in /var/www/cgb.gdlogistica.com/public_html/includes/config.php on line 21
[25-Jul-2025 09:12:07 UTC] PHP Warning:  include(includes/footer.php): Failed to open stream: No such file or directory in /var/www/cgb.gdlogistica.com/public_html/index.php on line 101
[25-Jul-2025 09:12:07 UTC] PHP Warning:  include(): Failed opening 'includes/footer.php' for inclusion (include_path='.:/usr/share/php') in /var/www/cgb.gdlogistica.com/public_html/index.php on line 101
[25-Jul-2025 09:46:33 UTC] PHP Warning:  include(functions.php): Failed to open stream: No such file or directory in /var/www/cgb.gdlogistica.com/public_html/includes/config.php on line 21
[25-Jul-2025 09:46:33 UTC] PHP Warning:  include(): Failed opening 'functions.php' for inclusion (include_path='.:/usr/share/php') in /var/www/cgb.gdlogistica.com/public_html/includes/config.php on line 21
[25-Jul-2025 09:46:33 UTC] PHP Warning:  include(includes/footer.php): Failed to open stream: No such file or directory in /var/www/cgb.gdlogistica.com/public_html/index.php on line 101
[25-Jul-2025 09:46:33 UTC] PHP Warning:  include(): Failed opening 'includes/footer.php' for inclusion (include_path='.:/usr/share/php') in /var/www/cgb.gdlogistica.com/public_html/index.php on line 101
[25-Jul-2025 09:46:35 UTC] PHP Warning:  include(functions.php): Failed to open stream: No such file or directory in /var/www/cgb.gdlogistica.com/public_html/includes/config.php on line 21
[25-Jul-2025 09:46:35 UTC] PHP Warning:  include(): Failed opening 'functions.php' for inclusion (include_path='.:/usr/share/php') in /var/www/cgb.gdlogistica.com/public_html/includes/config.php on line 21
[25-Jul-2025 09:46:35 UTC] PHP Warning:  include(includes/footer.php): Failed to open stream: No such file or directory in /var/www/cgb.gdlogistica.com/public_html/index.php on line 101
[25-Jul-2025 09:46:35 UTC] PHP Warning:  include(): Failed opening 'includes/footer.php' for inclusion (include_path='.:/usr/share/php') in /var/www/cgb.gdlogistica.com/public_html/index.php on line 101
[25-Jul-2025 09:46:48 UTC] PHP Warning:  include(functions.php): Failed to open stream: No such file or directory in /var/www/cgb.gdlogistica.com/public_html/includes/config.php on line 21
[25-Jul-2025 09:46:48 UTC] PHP Warning:  include(): Failed opening 'functions.php' for inclusion (include_path='.:/usr/share/php') in /var/www/cgb.gdlogistica.com/public_html/includes/config.php on line 21
[25-Jul-2025 09:46:48 UTC] PHP Warning:  include(includes/footer.php): Failed to open stream: No such file or directory in /var/www/cgb.gdlogistica.com/public_html/index.php on line 101
[25-Jul-2025 09:46:48 UTC] PHP Warning:  include(): Failed opening 'includes/footer.php' for inclusion (include_path='.:/usr/share/php') in /var/www/cgb.gdlogistica.com/public_html/index.php on line 101
[25-Jul-2025 09:46:50 UTC] PHP Warning:  include(functions.php): Failed to open stream: No such file or directory in /var/www/cgb.gdlogistica.com/public_html/includes/config.php on line 21
[25-Jul-2025 09:46:50 UTC] PHP Warning:  include(): Failed opening 'functions.php' for inclusion (include_path='.:/usr/share/php') in /var/www/cgb.gdlogistica.com/public_html/includes/config.php on line 21
[25-Jul-2025 09:46:50 UTC] PHP Warning:  include(includes/footer.php): Failed to open stream: No such file or directory in /var/www/cgb.gdlogistica.com/public_html/index.php on line 101
[25-Jul-2025 09:46:50 UTC] PHP Warning:  include(): Failed opening 'includes/footer.php' for inclusion (include_path='.:/usr/share/php') in /var/www/cgb.gdlogistica.com/public_html/index.php on line 101
[25-Jul-2025 10:22:12 UTC] PHP Warning:  include(functions.php): Failed to open stream: No such file or directory in /var/www/cgb.gdlogistica.com/public_html/includes/config.php on line 21
[25-Jul-2025 10:22:12 UTC] PHP Warning:  include(): Failed opening 'functions.php' for inclusion (include_path='.:/usr/share/php') in /var/www/cgb.gdlogistica.com/public_html/includes/config.php on line 21
[25-Jul-2025 10:22:12 UTC] PHP Warning:  include(includes/footer.php): Failed to open stream: No such file or directory in /var/www/cgb.gdlogistica.com/public_html/index.php on line 101
[25-Jul-2025 10:22:12 UTC] PHP Warning:  include(): Failed opening 'includes/footer.php' for inclusion (include_path='.:/usr/share/php') in /var/www/cgb.gdlogistica.com/public_html/index.php on line 101
[25-Jul-2025 10:57:59 UTC] PHP Warning:  include(functions.php): Failed to open stream: No such file or directory in /var/www/cgb.gdlogistica.com/public_html/includes/config.php on line 21
[25-Jul-2025 10:57:59 UTC] PHP Warning:  include(): Failed opening 'functions.php' for inclusion (include_path='.:/usr/share/php') in /var/www/cgb.gdlogistica.com/public_html/includes/config.php on line 21
[25-Jul-2025 10:57:59 UTC] PHP Warning:  include(includes/footer.php): Failed to open stream: No such file or directory in /var/www/cgb.gdlogistica.com/public_html/index.php on line 101
[25-Jul-2025 10:57:59 UTC] PHP Warning:  include(): Failed opening 'includes/footer.php' for inclusion (include_path='.:/usr/share/php') in /var/www/cgb.gdlogistica.com/public_html/index.php on line 101
[25-Jul-2025 10:59:44 UTC] PHP Warning:  include(functions.php): Failed to open stream: No such file or directory in /var/www/cgb.gdlogistica.com/public_html/includes/config.php on line 21
[25-Jul-2025 10:59:44 UTC] PHP Warning:  include(): Failed opening 'functions.php' for inclusion (include_path='.:/usr/share/php') in /var/www/cgb.gdlogistica.com/public_html/includes/config.php on line 21
[25-Jul-2025 10:59:44 UTC] PHP Warning:  include(includes/footer.php): Failed to open stream: No such file or directory in /var/www/cgb.gdlogistica.com/public_html/index.php on line 101
[25-Jul-2025 10:59:44 UTC] PHP Warning:  include(): Failed opening 'includes/footer.php' for inclusion (include_path='.:/usr/share/php') in /var/www/cgb.gdlogistica.com/public_html/index.php on line 101
[25-Jul-2025 11:04:21 UTC] PHP Warning:  include(functions.php): Failed to open stream: No such file or directory in /var/www/cgb.gdlogistica.com/public_html/includes/config.php on line 21
[25-Jul-2025 11:04:21 UTC] PHP Warning:  include(): Failed opening 'functions.php' for inclusion (include_path='.:/usr/share/php') in /var/www/cgb.gdlogistica.com/public_html/includes/config.php on line 21
[25-Jul-2025 11:04:21 UTC] PHP Warning:  include(includes/footer.php): Failed to open stream: No such file or directory in /var/www/cgb.gdlogistica.com/public_html/index.php on line 101
[25-Jul-2025 11:04:21 UTC] PHP Warning:  include(): Failed opening 'includes/footer.php' for inclusion (include_path='.:/usr/share/php') in /var/www/cgb.gdlogistica.com/public_html/index.php on line 101
[25-Jul-2025 11:09:32 UTC] PHP Warning:  include(functions.php): Failed to open stream: No such file or directory in /var/www/cgb.gdlogistica.com/public_html/includes/config.php on line 21
[25-Jul-2025 11:09:32 UTC] PHP Warning:  include(): Failed opening 'functions.php' for inclusion (include_path='.:/usr/share/php') in /var/www/cgb.gdlogistica.com/public_html/includes/config.php on line 21
[25-Jul-2025 11:09:32 UTC] PHP Warning:  include(includes/footer.php): Failed to open stream: No such file or directory in /var/www/cgb.gdlogistica.com/public_html/index.php on line 101
[25-Jul-2025 11:09:32 UTC] PHP Warning:  include(): Failed opening 'includes/footer.php' for inclusion (include_path='.:/usr/share/php') in /var/www/cgb.gdlogistica.com/public_html/index.php on line 101
[25-Jul-2025 11:17:48 UTC] PHP Warning:  include(functions.php): Failed to open stream: No such file or directory in /var/www/cgb.gdlogistica.com/public_html/includes/config.php on line 21
[25-Jul-2025 11:17:48 UTC] PHP Warning:  include(): Failed opening 'functions.php' for inclusion (include_path='.:/usr/share/php') in /var/www/cgb.gdlogistica.com/public_html/includes/config.php on line 21
[25-Jul-2025 11:17:48 UTC] PHP Warning:  include(includes/footer.php): Failed to open stream: No such file or directory in /var/www/cgb.gdlogistica.com/public_html/index.php on line 101
[25-Jul-2025 11:17:48 UTC] PHP Warning:  include(): Failed opening 'includes/footer.php' for inclusion (include_path='.:/usr/share/php') in /var/www/cgb.gdlogistica.com/public_html/index.php on line 101
[25-Jul-2025 11:22:25 UTC] PHP Warning:  include(functions.php): Failed to open stream: No such file or directory in /var/www/cgb.gdlogistica.com/public_html/includes/config.php on line 21
[25-Jul-2025 11:22:25 UTC] PHP Warning:  include(): Failed opening 'functions.php' for inclusion (include_path='.:/usr/share/php') in /var/www/cgb.gdlogistica.com/public_html/includes/config.php on line 21
[25-Jul-2025 11:22:25 UTC] PHP Warning:  include(includes/footer.php): Failed to open stream: No such file or directory in /var/www/cgb.gdlogistica.com/public_html/index.php on line 101
[25-Jul-2025 11:22:25 UTC] PHP Warning:  include(): Failed opening 'includes/footer.php' for inclusion (include_path='.:/usr/share/php') in /var/www/cgb.gdlogistica.com/public_html/index.php on line 101
[25-Jul-2025 11:26:59 UTC] PHP Warning:  include(functions.php): Failed to open stream: No such file or directory in /var/www/cgb.gdlogistica.com/public_html/includes/config.php on line 21
[25-Jul-2025 11:26:59 UTC] PHP Warning:  include(): Failed opening 'functions.php' for inclusion (include_path='.:/usr/share/php') in /var/www/cgb.gdlogistica.com/public_html/includes/config.php on line 21
[25-Jul-2025 11:26:59 UTC] PHP Warning:  include(includes/footer.php): Failed to open stream: No such file or directory in /var/www/cgb.gdlogistica.com/public_html/index.php on line 101
[25-Jul-2025 11:26:59 UTC] PHP Warning:  include(): Failed opening 'includes/footer.php' for inclusion (include_path='.:/usr/share/php') in /var/www/cgb.gdlogistica.com/public_html/index.php on line 101
[25-Jul-2025 11:27:24 UTC] PHP Warning:  include(functions.php): Failed to open stream: No such file or directory in /var/www/cgb.gdlogistica.com/public_html/includes/config.php on line 21
[25-Jul-2025 11:27:24 UTC] PHP Warning:  include(): Failed opening 'functions.php' for inclusion (include_path='.:/usr/share/php') in /var/www/cgb.gdlogistica.com/public_html/includes/config.php on line 21
[25-Jul-2025 11:27:24 UTC] PHP Warning:  include(includes/footer.php): Failed to open stream: No such file or directory in /var/www/cgb.gdlogistica.com/public_html/index.php on line 101
[25-Jul-2025 11:27:24 UTC] PHP Warning:  include(): Failed opening 'includes/footer.php' for inclusion (include_path='.:/usr/share/php') in /var/www/cgb.gdlogistica.com/public_html/index.php on line 101
[25-Jul-2025 11:37:46 UTC] PHP Warning:  include(functions.php): Failed to open stream: No such file or directory in /var/www/cgb.gdlogistica.com/public_html/includes/config.php on line 21
[25-Jul-2025 11:37:46 UTC] PHP Warning:  include(): Failed opening 'functions.php' for inclusion (include_path='.:/usr/share/php') in /var/www/cgb.gdlogistica.com/public_html/includes/config.php on line 21
[25-Jul-2025 11:37:46 UTC] PHP Warning:  include(includes/footer.php): Failed to open stream: No such file or directory in /var/www/cgb.gdlogistica.com/public_html/index.php on line 101
[25-Jul-2025 11:37:46 UTC] PHP Warning:  include(): Failed opening 'includes/footer.php' for inclusion (include_path='.:/usr/share/php') in /var/www/cgb.gdlogistica.com/public_html/index.php on line 101
[25-Jul-2025 11:52:21 UTC] PHP Warning:  include(functions.php): Failed to open stream: No such file or directory in /var/www/cgb.gdlogistica.com/public_html/includes/config.php on line 21
[25-Jul-2025 11:52:21 UTC] PHP Warning:  include(): Failed opening 'functions.php' for inclusion (include_path='.:/usr/share/php') in /var/www/cgb.gdlogistica.com/public_html/includes/config.php on line 21
[25-Jul-2025 11:52:21 UTC] PHP Warning:  include(includes/footer.php): Failed to open stream: No such file or directory in /var/www/cgb.gdlogistica.com/public_html/index.php on line 101
[25-Jul-2025 11:52:21 UTC] PHP Warning:  include(): Failed opening 'includes/footer.php' for inclusion (include_path='.:/usr/share/php') in /var/www/cgb.gdlogistica.com/public_html/index.php on line 101
[25-Jul-2025 12:28:39 UTC] PHP Warning:  include(functions.php): Failed to open stream: No such file or directory in /var/www/cgb.gdlogistica.com/public_html/includes/config.php on line 21
[25-Jul-2025 12:28:39 UTC] PHP Warning:  include(): Failed opening 'functions.php' for inclusion (include_path='.:/usr/share/php') in /var/www/cgb.gdlogistica.com/public_html/includes/config.php on line 21
[25-Jul-2025 12:28:39 UTC] PHP Warning:  include(includes/footer.php): Failed to open stream: No such file or directory in /var/www/cgb.gdlogistica.com/public_html/index.php on line 101
[25-Jul-2025 12:28:39 UTC] PHP Warning:  include(): Failed opening 'includes/footer.php' for inclusion (include_path='.:/usr/share/php') in /var/www/cgb.gdlogistica.com/public_html/index.php on line 101
[25-Jul-2025 12:38:04 UTC] PHP Warning:  include(functions.php): Failed to open stream: No such file or directory in /var/www/cgb.gdlogistica.com/public_html/includes/config.php on line 21
[25-Jul-2025 12:38:04 UTC] PHP Warning:  include(): Failed opening 'functions.php' for inclusion (include_path='.:/usr/share/php') in /var/www/cgb.gdlogistica.com/public_html/includes/config.php on line 21
[25-Jul-2025 12:38:04 UTC] PHP Warning:  include(includes/footer.php): Failed to open stream: No such file or directory in /var/www/cgb.gdlogistica.com/public_html/index.php on line 101
[25-Jul-2025 12:38:04 UTC] PHP Warning:  include(): Failed opening 'includes/footer.php' for inclusion (include_path='.:/usr/share/php') in /var/www/cgb.gdlogistica.com/public_html/index.php on line 101
[25-Jul-2025 12:40:17 UTC] PHP Warning:  include(functions.php): Failed to open stream: No such file or directory in /var/www/cgb.gdlogistica.com/public_html/includes/config.php on line 21
[25-Jul-2025 12:40:17 UTC] PHP Warning:  include(): Failed opening 'functions.php' for inclusion (include_path='.:/usr/share/php') in /var/www/cgb.gdlogistica.com/public_html/includes/config.php on line 21
[25-Jul-2025 12:40:17 UTC] PHP Warning:  include(includes/footer.php): Failed to open stream: No such file or directory in /var/www/cgb.gdlogistica.com/public_html/index.php on line 101
[25-Jul-2025 12:40:17 UTC] PHP Warning:  include(): Failed opening 'includes/footer.php' for inclusion (include_path='.:/usr/share/php') in /var/www/cgb.gdlogistica.com/public_html/index.php on line 101
[25-Jul-2025 13:04:44 UTC] PHP Warning:  include(includes/functions.php): Failed to open stream: No such file or directory in /var/www/cgb.gdlogistica.com/public_html/includes/config.php on line 21
[25-Jul-2025 13:04:44 UTC] PHP Warning:  include(): Failed opening 'includes/functions.php' for inclusion (include_path='.:/usr/share/php') in /var/www/cgb.gdlogistica.com/public_html/includes/config.php on line 21
[25-Jul-2025 13:04:44 UTC] PHP Warning:  include(includes/footer.php): Failed to open stream: No such file or directory in /var/www/cgb.gdlogistica.com/public_html/index.php on line 101
[25-Jul-2025 13:04:44 UTC] PHP Warning:  include(): Failed opening 'includes/footer.php' for inclusion (include_path='.:/usr/share/php') in /var/www/cgb.gdlogistica.com/public_html/index.php on line 101
[25-Jul-2025 13:04:47 UTC] PHP Warning:  include(includes/functions.php): Failed to open stream: No such file or directory in /var/www/cgb.gdlogistica.com/public_html/includes/config.php on line 21
[25-Jul-2025 13:04:47 UTC] PHP Warning:  include(): Failed opening 'includes/functions.php' for inclusion (include_path='.:/usr/share/php') in /var/www/cgb.gdlogistica.com/public_html/includes/config.php on line 21
[25-Jul-2025 13:04:47 UTC] PHP Warning:  include(includes/footer.php): Failed to open stream: No such file or directory in /var/www/cgb.gdlogistica.com/public_html/index.php on line 101
[25-Jul-2025 13:04:47 UTC] PHP Warning:  include(): Failed opening 'includes/footer.php' for inclusion (include_path='.:/usr/share/php') in /var/www/cgb.gdlogistica.com/public_html/index.php on line 101
[25-Jul-2025 13:04:48 UTC] PHP Warning:  include(includes/functions.php): Failed to open stream: No such file or directory in /var/www/cgb.gdlogistica.com/public_html/includes/config.php on line 21
[25-Jul-2025 13:04:48 UTC] PHP Warning:  include(): Failed opening 'includes/functions.php' for inclusion (include_path='.:/usr/share/php') in /var/www/cgb.gdlogistica.com/public_html/includes/config.php on line 21
[25-Jul-2025 13:04:48 UTC] PHP Warning:  include(includes/footer.php): Failed to open stream: No such file or directory in /var/www/cgb.gdlogistica.com/public_html/index.php on line 101
[25-Jul-2025 13:04:48 UTC] PHP Warning:  include(): Failed opening 'includes/footer.php' for inclusion (include_path='.:/usr/share/php') in /var/www/cgb.gdlogistica.com/public_html/index.php on line 101
[25-Jul-2025 13:04:49 UTC] PHP Warning:  include(includes/functions.php): Failed to open stream: No such file or directory in /var/www/cgb.gdlogistica.com/public_html/includes/config.php on line 21
[25-Jul-2025 13:04:49 UTC] PHP Warning:  include(): Failed opening 'includes/functions.php' for inclusion (include_path='.:/usr/share/php') in /var/www/cgb.gdlogistica.com/public_html/includes/config.php on line 21
[25-Jul-2025 13:04:49 UTC] PHP Warning:  include(includes/footer.php): Failed to open stream: No such file or directory in /var/www/cgb.gdlogistica.com/public_html/index.php on line 101
[25-Jul-2025 13:04:49 UTC] PHP Warning:  include(): Failed opening 'includes/footer.php' for inclusion (include_path='.:/usr/share/php') in /var/www/cgb.gdlogistica.com/public_html/index.php on line 101
[25-Jul-2025 13:05:24 UTC] PHP Warning:  include(includes/functions.php): Failed to open stream: No such file or directory in /var/www/cgb.gdlogistica.com/public_html/includes/config.php on line 21
[25-Jul-2025 13:05:24 UTC] PHP Warning:  include(): Failed opening 'includes/functions.php' for inclusion (include_path='.:/usr/share/php') in /var/www/cgb.gdlogistica.com/public_html/includes/config.php on line 21
[25-Jul-2025 13:05:24 UTC] PHP Warning:  include(includes/footer.php): Failed to open stream: No such file or directory in /var/www/cgb.gdlogistica.com/public_html/index.php on line 101
[25-Jul-2025 13:05:24 UTC] PHP Warning:  include(): Failed opening 'includes/footer.php' for inclusion (include_path='.:/usr/share/php') in /var/www/cgb.gdlogistica.com/public_html/index.php on line 101
[25-Jul-2025 13:05:34 UTC] PHP Warning:  include(includes/functions.php): Failed to open stream: No such file or directory in /var/www/cgb.gdlogistica.com/public_html/includes/config.php on line 21
[25-Jul-2025 13:05:34 UTC] PHP Warning:  include(): Failed opening 'includes/functions.php' for inclusion (include_path='.:/usr/share/php') in /var/www/cgb.gdlogistica.com/public_html/includes/config.php on line 21
[25-Jul-2025 13:05:34 UTC] PHP Warning:  include(includes/footer.php): Failed to open stream: No such file or directory in /var/www/cgb.gdlogistica.com/public_html/index.php on line 101
[25-Jul-2025 13:05:34 UTC] PHP Warning:  include(): Failed opening 'includes/footer.php' for inclusion (include_path='.:/usr/share/php') in /var/www/cgb.gdlogistica.com/public_html/index.php on line 101
[25-Jul-2025 13:10:32 UTC] PHP Warning:  include(includes/footer.php): Failed to open stream: No such file or directory in /var/www/cgb.gdlogistica.com/public_html/index.php on line 101
[25-Jul-2025 13:10:32 UTC] PHP Warning:  include(): Failed opening 'includes/footer.php' for inclusion (include_path='.:/usr/share/php') in /var/www/cgb.gdlogistica.com/public_html/index.php on line 101
[25-Jul-2025 13:16:12 UTC] PHP Warning:  include(includes/functions.php): Failed to open stream: No such file or directory in /var/www/cgb.gdlogistica.com/public_html/includes/config.php on line 21
[25-Jul-2025 13:16:12 UTC] PHP Warning:  include(): Failed opening 'includes/functions.php' for inclusion (include_path='.:/usr/share/php') in /var/www/cgb.gdlogistica.com/public_html/includes/config.php on line 21
[25-Jul-2025 13:18:25 UTC] PHP Warning:  include(includes/footer.php): Failed to open stream: No such file or directory in /var/www/cgb.gdlogistica.com/public_html/index.php on line 101
[25-Jul-2025 13:18:25 UTC] PHP Warning:  include(): Failed opening 'includes/footer.php' for inclusion (include_path='.:/usr/share/php') in /var/www/cgb.gdlogistica.com/public_html/index.php on line 101
[25-Jul-2025 13:20:12 UTC] PHP Warning:  include(includes/footer.php): Failed to open stream: No such file or directory in /var/www/cgb.gdlogistica.com/public_html/index.php on line 101
[25-Jul-2025 13:20:12 UTC] PHP Warning:  include(): Failed opening 'includes/footer.php' for inclusion (include_path='.:/usr/share/php') in /var/www/cgb.gdlogistica.com/public_html/index.php on line 101
[25-Jul-2025 13:21:03 UTC] PHP Warning:  include(includes/footer.php): Failed to open stream: No such file or directory in /var/www/cgb.gdlogistica.com/public_html/index.php on line 101
[25-Jul-2025 13:21:03 UTC] PHP Warning:  include(): Failed opening 'includes/footer.php' for inclusion (include_path='.:/usr/share/php') in /var/www/cgb.gdlogistica.com/public_html/index.php on line 101
[25-Jul-2025 13:23:23 UTC] PHP Warning:  include(includes/footer.php): Failed to open stream: No such file or directory in /var/www/cgb.gdlogistica.com/public_html/index.php on line 101
[25-Jul-2025 13:23:23 UTC] PHP Warning:  include(): Failed opening 'includes/footer.php' for inclusion (include_path='.:/usr/share/php') in /var/www/cgb.gdlogistica.com/public_html/index.php on line 101
[25-Jul-2025 13:23:24 UTC] PHP Warning:  include(includes/footer.php): Failed to open stream: No such file or directory in /var/www/cgb.gdlogistica.com/public_html/index.php on line 101
[25-Jul-2025 13:23:24 UTC] PHP Warning:  include(): Failed opening 'includes/footer.php' for inclusion (include_path='.:/usr/share/php') in /var/www/cgb.gdlogistica.com/public_html/index.php on line 101
[25-Jul-2025 13:24:06 UTC] PHP Warning:  include(includes/footer.php): Failed to open stream: No such file or directory in /var/www/cgb.gdlogistica.com/public_html/index.php on line 101
[25-Jul-2025 13:24:06 UTC] PHP Warning:  include(): Failed opening 'includes/footer.php' for inclusion (include_path='.:/usr/share/php') in /var/www/cgb.gdlogistica.com/public_html/index.php on line 101
[25-Jul-2025 13:24:35 UTC] PHP Warning:  include(includes/footer.php): Failed to open stream: No such file or directory in /var/www/cgb.gdlogistica.com/public_html/index.php on line 101
[25-Jul-2025 13:24:35 UTC] PHP Warning:  include(): Failed opening 'includes/footer.php' for inclusion (include_path='.:/usr/share/php') in /var/www/cgb.gdlogistica.com/public_html/index.php on line 101
[25-Jul-2025 13:24:49 UTC] PHP Warning:  include(includes/footer.php): Failed to open stream: No such file or directory in /var/www/cgb.gdlogistica.com/public_html/index.php on line 101
[25-Jul-2025 13:24:49 UTC] PHP Warning:  include(): Failed opening 'includes/footer.php' for inclusion (include_path='.:/usr/share/php') in /var/www/cgb.gdlogistica.com/public_html/index.php on line 101
[25-Jul-2025 13:24:51 UTC] PHP Warning:  include(includes/footer.php): Failed to open stream: No such file or directory in /var/www/cgb.gdlogistica.com/public_html/index.php on line 101
[25-Jul-2025 13:24:51 UTC] PHP Warning:  include(): Failed opening 'includes/footer.php' for inclusion (include_path='.:/usr/share/php') in /var/www/cgb.gdlogistica.com/public_html/index.php on line 101
